init:5
total_count=202599921,each= 202
result:5,0
faaw latency : 
202, 
master aver latency= 0
slave aver latency= 202
right
init:5
total_count=220956270,each= 220
result:5,0
faaw latency : 
220, 220, 
master aver latency= 0
slave aver latency= 220
right
[55571469 ## mn142: 7945 ## Mon Jun 17 19:55:59 2024]  sz_get_job_info_before_start: not found job's cnodes in SW100P_JOB_CNODE_STATE_T
init:5
total_count=883305485,each= 883
result:5,0
faaw latency : 
883, 883, 883, 883, 883, 883, 883, 883, 
master aver latency= 0
slave aver latency= 883
right
init:5
total_count=1766240004,each= 1766
result:5,0
faaw latency : 
1766, 1766, 1766, 1766, 1766, 1766, 1766, 1766, 1766, 1766, 1766, 1766, 1766, 1766, 1766, 1766, 

master aver latency= 0
slave aver latency= 1766
right
init:5
total_count=2649095939,each= 2649
result:5,0
faaw latency : 
2649, 2649, 2649, 2649, 2649, 2649, 2649, 2649, 2649, 2649, 2649, 2649, 2649, 2649, 2649, 2649, 
2649, 2649, 2649, 2649, 2649, 2649, 2649, 2649, 
master aver latency= 0
slave aver latency= 2649
right
init:5
total_count=2661036749,each= 2661
result:5,0
faaw latency : 
2661, 2661, 2661, 2661, 2661, 2661, 2661, 2661, 2661, 2661, 2661, 2661, 2661, 2661, 2661, 2661, 
2661, 2661, 2661, 2661, 2661, 2661, 2661, 2661, 1683, 1683, 
master aver latency= 0
slave aver latency= 2585
right
init:5
total_count=2697972914,each= 2697
result:5,0
faaw latency : 
2697, 2698, 2698, 2698, 2698, 2698, 2698, 2698, 2698, 2698, 2698, 2698, 2698, 2698, 2698, 2698, 
2698, 2698, 2698, 2698, 2698, 2698, 2698, 2698, 1711, 1711, 1711, 1711, 1711, 1711, 1711, 1711, 
master aver latency= 0
slave aver latency= 2451
right
init:5
total_count=2793579956,each= 2793
result:5,0
faaw latency : 
2793, 2793, 2793, 2794, 2794, 2794, 2794, 2794, 2794, 2794, 2794, 2794, 2794, 2794, 2794, 2794, 
2794, 2794, 2794, 2794, 2794, 2794, 2794, 2794, 2794, 2794, 2794, 2794, 2794, 2794, 2794, 2794, 2794, 2794, 2794, 2794, 2794, 2794, 2794, 2794, 2794, 2794, 2794, 2794, 2794, 2794, 2794, 2794, 
master aver latency= 0
slave aver latency= 2793
right
init:5
total_count=2793798764,each= 2793
result:5,0
faaw latency : 
2793, 2793, 2794, 2794, 2794, 2794, 2794, 2794, 2794, 2794, 2794, 2794, 2794, 2794, 2794, 2794, 
2794, 2794, 2794, 2794, 2794, 2794, 2794, 2794, 3235, 3235, 3235, 3235, 3235, 3235, 3235, 3235, 3235, 3235, 3235, 3235, 3235, 3235, 3235, 3235, 3235, 3235, 3235, 3235, 3235, 3235, 3235, 3235, 3235, 3235, 3235, 3235, 
master aver latency= 0
slave aver latency= 3031
right
init:5
total_count=2772058280,each= 2772
result:5,0
faaw latency : 
2772, 2772, 2772, 2772, 2772, 2772, 2772, 2772, 3282, 3282, 3282, 3282, 3282, 3282, 3282, 3282, 
3282, 3282, 3282, 3282, 3282, 3282, 3282, 3282, 3721, 3721, 3721, 3721, 3721, 3721, 3721, 3721, 3721, 3721, 3721, 3721, 3721, 3721, 3721, 3721, 3725, 3725, 3725, 3725, 3725, 3725, 3725, 3725, 3725, 3725, 3725, 3725, 3725, 3725, 3725, 3725, 2638, 2638, 2638, 2638, 2638, 2638, 2638, 2638, 
master aver latency= 0
slave aver latency= 3358
right
